<?xml version="1.0" encoding="UTF-8"?>
<testng-results ignored="0" total="1" passed="1" failed="0" skipped="0">
  <reporter-output>
  </reporter-output>
  <suite started-at="2022-03-19T12:38:16 CET" name="Default suite" finished-at="2022-03-19T12:38:18 CET" duration-ms="1951">
    <groups>
    </groups>
    <test started-at="2022-03-19T12:38:16 CET" name="Default test" finished-at="2022-03-19T12:38:18 CET" duration-ms="1951">
      <class name="TheFork.TheForkChallenge.HomePage">
        <test-method is-config="true" signature="homePageNavigation()[pri:0, instance:TheFork.TheForkChallenge.HomePage@5403f35f]" started-at="2022-03-19T12:38:16 CET" name="homePageNavigation" finished-at="2022-03-19T12:38:18 CET" duration-ms="1924" status="PASS">
          <reporter-output>
          </reporter-output>
        </test-method> <!-- homePageNavigation -->
        <test-method signature="connexionStep()[pri:1, instance:TheFork.TheForkChallenge.HomePage@5403f35f]" started-at="2022-03-19T12:38:18 CET" name="connexionStep" finished-at="2022-03-19T12:38:18 CET" duration-ms="4" status="PASS">
          <reporter-output>
          </reporter-output>
        </test-method> <!-- connexionStep -->
      </class> <!-- TheFork.TheForkChallenge.HomePage -->
    </test> <!-- Default test -->
  </suite> <!-- Default suite -->
</testng-results>
